<?xml version="1.0" encoding="UTF-8"?>
<!-- Generated by org.testng.reporters.JUnitReportReporter -->
<testsuite skipped="0" hostname="DESKTOP-EA30RFA" name="testcases.AddEditDeleteaProduct" tests="2" failures="0" timestamp="2020-07-19T00:08:13 IST" time="12.936" errors="0">
  <testcase name="LaunchingURL" time="11.454" classname="testcases.AddEditDeleteaProduct"/>
  <system-out/>
  <testcase name="addingaProduct" time="1.482" classname="testcases.AddEditDeleteaProduct"/>
  <system-out/>
</testsuite> <!-- testcases.AddEditDeleteaProduct -->
