<?xml version="1.0" encoding="UTF-8"?>
<!-- Generated by org.testng.reporters.JUnitReportReporter -->
<testsuite skipped="0" hostname="DESKTOP-EA30RFA" name="testcases.sampletwo" tests="2" failures="0" timestamp="2020-07-02T11:07:35 IST" time="0.000" errors="0">
  <testcase name="methodone" time="0.000" classname="testcases.sampletwo"/>
  <system-out/>
  <testcase name="methodtwo" time="0.000" classname="testcases.sampletwo"/>
  <system-out/>
</testsuite> <!-- testcases.sampletwo -->
