<?xml version="1.0" encoding="UTF-8"?>
<!-- Generated by org.testng.reporters.JUnitReportReporter -->
<testsuite skipped="0" hostname="DESKTOP-EA30RFA" name="testcases.Amazontc001" tests="3" failures="0" timestamp="2020-07-19T00:37:56 IST" time="30.212" errors="0">
  <testcase name="LaunchingURL" time="12.175" classname="testcases.Amazontc001"/>
  <system-out/>
  <testcase name="checkingdeals" time="0.850" classname="testcases.Amazontc001"/>
  <system-out/>
  <testcase name="Loggingin" time="17.187" classname="testcases.Amazontc001"/>
  <system-out/>
</testsuite> <!-- testcases.Amazontc001 -->
