<?xml version="1.0" encoding="UTF-8"?>
<!-- Generated by org.testng.reporters.JUnitReportReporter -->
<testsuite skipped="0" hostname="DESKTOP-EA30RFA" name="testcases.sampleone" tests="4" failures="0" timestamp="2020-07-02T11:40:42 IST" time="0.008" errors="0">
  <testcase name="name" time="0.001" classname="testcases.sampleone"/>
  <system-out/>
  <testcase name="name" time="0.001" classname="testcases.sampleone"/>
  <system-out/>
  <testcase name="name" time="0.005" classname="testcases.sampleone"/>
  <system-out/>
  <testcase name="sum" time="0.001" classname="testcases.sampleone"/>
  <system-out/>
</testsuite> <!-- testcases.sampleone -->
