<?xml version="1.0" encoding="UTF-8"?>
<!-- Generated by org.testng.reporters.JUnitReportReporter -->
<testsuite skipped="0" hostname="DESKTOP-EA30RFA" name="testcases.amazon" tests="1" failures="0" timestamp="2020-06-15T00:04:57 IST" time="6.030" errors="0">
  <testcase name="launchurl" time="6.030" classname="testcases.amazon"/>
  <system-out/>
</testsuite> <!-- testcases.amazon -->
