<?xml version="1.0" encoding="UTF-8"?>
<!-- Generated by org.testng.reporters.JUnitReportReporter -->
<testsuite skipped="0" hostname="DESKTOP-EA30RFA" name="testcases.Fliptc001" tests="2" failures="0" timestamp="2020-06-15T23:22:14 IST" time="10.589" errors="0">
  <testcase name="LaunchingURL" time="9.532" classname="testcases.Fliptc001"/>
  <system-out/>
  <testcase name="productselect" time="1.057" classname="testcases.Fliptc001"/>
  <system-out/>
</testsuite> <!-- testcases.Fliptc001 -->
