<?xml version="1.0" encoding="UTF-8"?>
<!-- Generated by org.testng.reporters.JUnitReportReporter -->
<testsuite skipped="0" hostname="DESKTOP-EA30RFA" name="testcases.sample" tests="1" failures="0" timestamp="2020-06-15T12:28:23 IST" time="9.741" errors="0">
  <testcase name="search" time="9.741" classname="testcases.sample"/>
  <system-out/>
</testsuite> <!-- testcases.sample -->
