<?xml version="1.0" encoding="UTF-8"?>
<!-- Generated by org.testng.reporters.JUnitReportReporter -->
<testsuite skipped="0" hostname="DESKTOP-EA30RFA" name="testcases.DownloadingCSV" tests="4" failures="0" timestamp="2020-06-15T12:47:18 IST" time="18.370" errors="0">
  <testcase name="LaunchingURL" time="15.837" classname="testcases.DownloadingCSV"/>
  <system-out/>
  <testcase name="addingaProduct" time="2.026" classname="testcases.DownloadingCSV"/>
  <system-out/>
  <testcase name="csvdownload" time="0.332" classname="testcases.DownloadingCSV"/>
  <system-out/>
  <testcase name="logout" time="0.175" classname="testcases.DownloadingCSV"/>
  <system-out/>
</testsuite> <!-- testcases.DownloadingCSV -->
