<?xml version="1.0" encoding="UTF-8"?>
<!-- Generated by org.testng.reporters.JUnitReportReporter -->
<testsuite skipped="0" hostname="DESKTOP-EA30RFA" name="testcases.Cricbuzztc001" tests="2" failures="0" timestamp="2020-06-16T21:49:24 IST" time="10.151" errors="0">
  <testcase name="LaunchingURL" time="7.043" classname="testcases.Cricbuzztc001"/>
  <system-out/>
  <testcase name="selectteam" time="3.108" classname="testcases.Cricbuzztc001"/>
  <system-out/>
</testsuite> <!-- testcases.Cricbuzztc001 -->
