<?xml version="1.0" encoding="UTF-8"?>
<!-- Generated by org.testng.reporters.JUnitReportReporter -->
<testsuite skipped="0" hostname="DESKTOP-EA30RFA" name="testcases.samplethree" tests="6" failures="0" timestamp="2020-07-01T13:20:04 IST" time="0.009" errors="0">
  <testcase name="javaconcat" time="0.001" classname="testcases.samplethree"/>
  <system-out/>
  <testcase name="javaswitch" time="0.002" classname="testcases.samplethree"/>
  <system-out/>
  <testcase name="arraylooping" time="0.002" classname="testcases.samplethree"/>
  <system-out/>
  <testcase name="javatwodimensionalarray" time="0.001" classname="testcases.samplethree"/>
  <system-out/>
  <testcase name="javadowhile" time="0.002" classname="testcases.samplethree"/>
  <system-out/>
  <testcase name="javawhile" time="0.001" classname="testcases.samplethree"/>
  <system-out/>
</testsuite> <!-- testcases.samplethree -->
