<?xml version="1.0" encoding="UTF-8"?>
<!-- Generated by org.testng.reporters.JUnitReportReporter -->
<testsuite skipped="0" hostname="DESKTOP-EA30RFA" name="testcases.signup" tests="2" failures="0" timestamp="2020-04-24T20:12:10 IST" time="10.426" errors="0">
  <testcase name="LaunchingURL" time="9.491" classname="testcases.signup"/>
  <system-out/>
  <testcase name="signup" time="0.935" classname="testcases.signup"/>
  <system-out/>
</testsuite> <!-- testcases.signup -->
